<?xml version="1.0" encoding="UTF-8"?>
<!-- Generated by org.testng.reporters.JUnitXMLReporter -->
<testsuite ignored="0" hostname="Ranas-MacBook-Air.local" failures="0" tests="4" name="Surefire test" time="7.341" errors="0" timestamp="2024-10-03T13:39:52 GMT-05:00">
  <testcase classname="api.test.UserTests" name="testPOSTuser" time="1.123"/>
  <testcase classname="api.test.UserTests" name="testGetuserbyname" time="0.212"/>
  <testcase classname="api.test.UserTests" name="testupdateuser" time="0.416"/>
  <testcase classname="api.test.UserTests" name="testDeleteUserByName" time="0.224"/>
</testsuite> <!-- Surefire test -->
