<?xml version="1.0" encoding="UTF-8"?>
<!-- Generated by org.testng.reporters.JUnitXMLReporter -->
<testsuite ignored="0" hostname="Ranas-MacBook-Air.local" failures="0" tests="4" name="Default test" time="7.078" errors="0" timestamp="2024-10-03T11:55:24 GMT-05:00">
  <testcase classname="api.test.UserTests2" name="testPOSTuser" time="0.94"/>
  <testcase classname="api.test.UserTests2" name="testGetuserbyname" time="0.216"/>
  <testcase classname="api.test.UserTests2" name="testupdateuser" time="0.421"/>
  <testcase classname="api.test.UserTests2" name="testDeleteUserByName" time="0.203"/>
</testsuite> <!-- Default test -->
