<?xml version="1.0" encoding="UTF-8"?>
<testsuite xmlns:xsi="http://www.w3.org/2001/XMLSchema-instance" xsi:noNamespaceSchemaLocation="https://maven.apache.org/surefire/maven-surefire-plugin/xsd/surefire-test-report.xsd" version="3.0.2" name="api.test.UserTests" time="7.564" tests="4" errors="0" skipped="0" failures="0">
  <properties>
[...]
</properties>
  <testcase name="testPOSTuser" classname="api.test.UserTests" time="1.124">
    <system-out><![CDATA[here the brgining
HTTP/1.1 200 OK
Date: Thu, 03 Oct 2024 18:39:51 GMT
Content-Type: application/json
Transfer-Encoding: chunked
Connection: keep-alive
Access-Control-Allow-Origin: *
Access-Control-Allow-Methods: GET, POST, DELETE, PUT
Access-Control-Allow-Headers: Content-Type, api_key, Authorization
Server: Jetty(9.2.9.v20150224)

{
    "code": 200,
    "type": "unknown",
    "message": "1550207152"
}
]]></system-out>
    <system-err><![CDATA[SLF4J: Failed to load class "org.slf4j.impl.StaticLoggerBinder".
SLF4J: Defaulting to no-operation (NOP) logger implementation
SLF4J: See http://www.slf4j.org/codes.html#StaticLoggerBinder for further details.
]]></system-err>
  </testcase>
  <testcase name="testGetuserbyname" classname="api.test.UserTests" time="0.211">
    <system-out><![CDATA[HTTP/1.1 200 OK
Date: Thu, 03 Oct 2024 18:39:52 GMT
Content-Type: application/json
Transfer-Encoding: chunked
Connection: keep-alive
Access-Control-Allow-Origin: *
Access-Control-Allow-Methods: GET, POST, DELETE, PUT
Access-Control-Allow-Headers: Content-Type, api_key, Authorization
Server: Jetty(9.2.9.v20150224)

{
    "id": 1550207152,
    "username": "demetrius.barton",
    "email": "trenton.heidenreich@example.com",
    "password": "dnjujok6",
    "phone": "780-609-0958",
    "userStatus": 0
}
]]></system-out>
  </testcase>
  <testcase name="testupdateuser" classname="api.test.UserTests" time="0.417">
    <system-out><![CDATA[HTTP/1.1 200 OK
Date: Thu, 03 Oct 2024 18:39:52 GMT
Content-Type: application/json
Transfer-Encoding: chunked
Connection: keep-alive
Access-Control-Allow-Origin: *
Access-Control-Allow-Methods: GET, POST, DELETE, PUT
Access-Control-Allow-Headers: Content-Type, api_key, Authorization
Server: Jetty(9.2.9.v20150224)

{
    "code": 200,
    "type": "unknown",
    "message": "1550207152"
}
HTTP/1.1 200 OK
Date: Thu, 03 Oct 2024 18:39:52 GMT
Content-Type: application/json
Transfer-Encoding: chunked
Connection: keep-alive
Access-Control-Allow-Origin: *
Access-Control-Allow-Methods: GET, POST, DELETE, PUT
Access-Control-Allow-Headers: Content-Type, api_key, Authorization
Server: Jetty(9.2.9.v20150224)

{
    "id": 1550207152,
    "username": "demetrius.barton",
    "email": "desmond.mohr@example.com",
    "password": "dnjujok6",
    "phone": "780-609-0958",
    "userStatus": 0
}
]]></system-out>
  </testcase>
  <testcase name="testDeleteUserByName" classname="api.test.UserTests" time="0.224"/>
</testsuite>