<?xml version="1.0" encoding="UTF-8"?>
<testng-results ignored="0" total="4" passed="4" failed="0" skipped="0">
  <reporter-output>
  </reporter-output>
  <suite started-at="2024-10-03T13:39:45 GMT-05:00" name="Surefire suite" finished-at="2024-10-03T13:39:52 GMT-05:00" duration-ms="7341">
    <groups>
    </groups>
    <test started-at="2024-10-03T13:39:45 GMT-05:00" name="Surefire test" finished-at="2024-10-03T13:39:52 GMT-05:00" duration-ms="7341">
      <class name="api.test.UserTests">
        <test-method is-config="true" signature="setupData()[pri:0, instance:api.test.UserTests@527e5409]" started-at="2024-10-03T13:39:45 GMT-05:00" name="setupData" finished-at="2024-10-03T13:39:50 GMT-05:00" duration-ms="5345" status="PASS">
          <reporter-output>
          </reporter-output>
        </test-method> <!-- setupData -->
        <test-method signature="testPOSTuser()[pri:1, instance:api.test.UserTests@527e5409]" started-at="2024-10-03T13:39:50 GMT-05:00" name="testPOSTuser" finished-at="2024-10-03T13:39:51 GMT-05:00" duration-ms="1123" status="PASS">
          <reporter-output>
          </reporter-output>
        </test-method> <!-- testPOSTuser -->
        <test-method signature="testGetuserbyname()[pri:2, instance:api.test.UserTests@527e5409]" started-at="2024-10-03T13:39:51 GMT-05:00" name="testGetuserbyname" finished-at="2024-10-03T13:39:52 GMT-05:00" duration-ms="212" status="PASS">
          <reporter-output>
          </reporter-output>
        </test-method> <!-- testGetuserbyname -->
        <test-method signature="testupdateuser()[pri:3, instance:api.test.UserTests@527e5409]" started-at="2024-10-03T13:39:52 GMT-05:00" name="testupdateuser" finished-at="2024-10-03T13:39:52 GMT-05:00" duration-ms="416" status="PASS">
          <reporter-output>
          </reporter-output>
        </test-method> <!-- testupdateuser -->
        <test-method signature="testDeleteUserByName()[pri:4, instance:api.test.UserTests@527e5409]" started-at="2024-10-03T13:39:52 GMT-05:00" name="testDeleteUserByName" finished-at="2024-10-03T13:39:52 GMT-05:00" duration-ms="224" status="PASS">
          <reporter-output>
          </reporter-output>
        </test-method> <!-- testDeleteUserByName -->
      </class> <!-- api.test.UserTests -->
    </test> <!-- Surefire test -->
  </suite> <!-- Surefire suite -->
</testng-results>
