<?xml version="1.0" encoding="UTF-8"?>
<testng-results ignored="0" total="4" passed="4" failed="0" skipped="0">
  <reporter-output>
  </reporter-output>
  <suite started-at="2024-10-03T11:55:17 GMT-05:00" name="Default suite" finished-at="2024-10-03T11:55:24 GMT-05:00" duration-ms="7078">
    <groups>
    </groups>
    <test started-at="2024-10-03T11:55:17 GMT-05:00" name="Default test" finished-at="2024-10-03T11:55:24 GMT-05:00" duration-ms="7078">
      <class name="api.test.UserTests2">
        <test-method is-config="true" signature="setupData()[pri:0, instance:api.test.UserTests2@72f926e6]" started-at="2024-10-03T11:55:17 GMT-05:00" name="setupData" finished-at="2024-10-03T11:55:22 GMT-05:00" duration-ms="5278" status="PASS">
          <reporter-output>
          </reporter-output>
        </test-method> <!-- setupData -->
        <test-method signature="testPOSTuser()[pri:1, instance:api.test.UserTests2@72f926e6]" started-at="2024-10-03T11:55:22 GMT-05:00" name="testPOSTuser" finished-at="2024-10-03T11:55:23 GMT-05:00" duration-ms="940" status="PASS">
          <reporter-output>
          </reporter-output>
        </test-method> <!-- testPOSTuser -->
        <test-method signature="testGetuserbyname()[pri:2, instance:api.test.UserTests2@72f926e6]" started-at="2024-10-03T11:55:23 GMT-05:00" name="testGetuserbyname" finished-at="2024-10-03T11:55:23 GMT-05:00" duration-ms="216" status="PASS">
          <reporter-output>
          </reporter-output>
        </test-method> <!-- testGetuserbyname -->
        <test-method signature="testupdateuser()[pri:3, instance:api.test.UserTests2@72f926e6]" started-at="2024-10-03T11:55:23 GMT-05:00" name="testupdateuser" finished-at="2024-10-03T11:55:24 GMT-05:00" duration-ms="421" status="PASS">
          <reporter-output>
          </reporter-output>
        </test-method> <!-- testupdateuser -->
        <test-method signature="testDeleteUserByName()[pri:4, instance:api.test.UserTests2@72f926e6]" started-at="2024-10-03T11:55:24 GMT-05:00" name="testDeleteUserByName" finished-at="2024-10-03T11:55:24 GMT-05:00" duration-ms="203" status="PASS">
          <reporter-output>
          </reporter-output>
        </test-method> <!-- testDeleteUserByName -->
      </class> <!-- api.test.UserTests2 -->
    </test> <!-- Default test -->
  </suite> <!-- Default suite -->
</testng-results>
